<?xml version="1.0" encoding="UTF-8"?>
<testng-results skipped="0" failed="1" total="2" passed="1">
  <reporter-output>
    <line>
      <![CDATA[Fast test]]>
    </line>
  </reporter-output>
  <suite name="Command line suite" duration-ms="22" started-at="2014-05-07T16:05:12Z" finished-at="2014-05-07T16:05:12Z">
    <groups>
      <group name="fast">
        <method signature="com.prototest.app.SimpleTest.aFastTest()" name="aFastTest" class="com.prototest.app.SimpleTest"/>
      </group>
      <group name="slow">
        <method signature="com.prototest.app.SimpleTest.aSlowTest()" name="aSlowTest" class="com.prototest.app.SimpleTest"/>
      </group>
    </groups>
    <test name="Command line test" duration-ms="22" started-at="2014-05-07T16:05:12Z" finished-at="2014-05-07T16:05:12Z">
      <class name="com.prototest.app.SimpleTest">
        <test-method status="PASS" signature="setUp()" name="setUp" is-config="true" duration-ms="7" started-at="2014-05-07T16:05:12Z" finished-at="2014-05-07T16:05:12Z">
        </test-method>
        <test-method status="FAIL" signature="aFastTest()" name="aFastTest" duration-ms="2" started-at="2014-05-07T16:05:12Z" finished-at="2014-05-07T16:05:12Z">
          <exception class="junit.framework.AssertionFailedError">
            <message>
              <![CDATA[FUCK]]>
            </message>
            <full-stacktrace>
              <![CDATA[junit.framework.AssertionFailedError: FUCK
	at junit.framework.Assert.fail(Assert.java:47)
	at com.prototest.app.SimpleTest.aFastTest(SimpleTest.java:18)
	at sun.reflect.NativeMethodAccessorImpl.invoke0(Native Method)
	at sun.reflect.NativeMethodAccessorImpl.invoke(NativeMethodAccessorImpl.java:62)
	at sun.reflect.DelegatingMethodAccessorImpl.invoke(DelegatingMethodAccessorImpl.java:43)
	at java.lang.reflect.Method.invoke(Method.java:483)
	at org.testng.internal.MethodInvocationHelper.invokeMethod(MethodInvocationHelper.java:80)
	at org.testng.internal.Invoker.invokeMethod(Invoker.java:673)
	at org.testng.internal.Invoker.invokeTestMethod(Invoker.java:842)
	at org.testng.internal.Invoker.invokeTestMethods(Invoker.java:1166)
	at org.testng.internal.TestMethodWorker.invokeTestMethods(TestMethodWorker.java:125)
	at org.testng.internal.TestMethodWorker.run(TestMethodWorker.java:109)
	at org.testng.TestRunner.runWorkers(TestRunner.java:1178)
	at org.testng.TestRunner.privateRun(TestRunner.java:757)
	at org.testng.TestRunner.run(TestRunner.java:608)
	at org.testng.SuiteRunner.runTest(SuiteRunner.java:334)
	at org.testng.SuiteRunner.runSequentially(SuiteRunner.java:329)
	at org.testng.SuiteRunner.privateRun(SuiteRunner.java:291)
	at org.testng.SuiteRunner.run(SuiteRunner.java:240)
	at org.testng.SuiteRunnerWorker.runSuite(SuiteRunnerWorker.java:52)
	at org.testng.SuiteRunnerWorker.run(SuiteRunnerWorker.java:86)
	at org.testng.TestNG.runSuitesSequentially(TestNG.java:1158)
	at org.testng.TestNG.runSuitesLocally(TestNG.java:1083)
	at org.testng.TestNG.run(TestNG.java:999)
	at org.apache.maven.surefire.testng.TestNGExecutor.run(TestNGExecutor.java:62)
	at org.apache.maven.surefire.testng.TestNGDirectoryTestSuite.execute(TestNGDirectoryTestSuite.java:141)
	at org.apache.maven.surefire.Surefire.run(Surefire.java:180)
	at sun.reflect.NativeMethodAccessorImpl.invoke0(Native Method)
	at sun.reflect.NativeMethodAccessorImpl.invoke(NativeMethodAccessorImpl.java:62)
	at sun.reflect.DelegatingMethodAccessorImpl.invoke(DelegatingMethodAccessorImpl.java:43)
	at java.lang.reflect.Method.invoke(Method.java:483)
	at org.apache.maven.surefire.booter.SurefireBooter.runSuitesInProcess(SurefireBooter.java:350)
	at org.apache.maven.surefire.booter.SurefireBooter.main(SurefireBooter.java:1021)
]]>
            </full-stacktrace>
          </exception>
        </test-method>
        <test-method status="PASS" signature="aSlowTest()" name="aSlowTest" duration-ms="1" started-at="2014-05-07T16:05:12Z" finished-at="2014-05-07T16:05:12Z">
        </test-method>
      </class>
    </test>
  </suite>
</testng-results>
